[2026-04-11T15:07:59.562Z] Profile Request - Header: Present
[2026-04-11T15:07:59.565Z] Profile Request - Decoded UserID: 69d9070ddda7f9b4ad83b4c1
[2026-04-11T15:07:59.719Z] Profile Request - Success. Avatar: Found
[2026-04-11T15:08:09.406Z] Profile Request - Header: Missing
[2026-04-11T15:08:09.408Z] Profile Request - Cookie Token: Missing
[2026-04-11T15:08:09.409Z] Profile Request - Unauthorized (No Token)
[2026-04-11T15:08:15.508Z] Profile Request - Header: Missing
[2026-04-11T15:08:15.516Z] Profile Request - Cookie Token: Present
[2026-04-11T15:08:15.517Z] Profile Request - Decoded UserID: 69d9070ddda7f9b4ad83b4c1
[2026-04-11T15:08:15.665Z] Profile Request - Success. Avatar: Found
[2026-04-11T15:08:31.269Z] Profile Request - Header: Missing
[2026-04-11T15:08:31.271Z] Profile Request - Cookie Token: Present
[2026-04-11T15:08:31.272Z] Profile Request - Decoded UserID: 69d9070ddda7f9b4ad83b4c1
[2026-04-11T15:08:31.418Z] Profile Request - Success. Avatar: Found
[2026-04-11T15:09:26.952Z] Profile Request - Header: Present
[2026-04-11T15:09:26.953Z] Profile Request - Decoded UserID: 69d9070ddda7f9b4ad83b4c1
[2026-04-11T15:09:27.101Z] Profile Request - Success. Avatar: Found
[2026-04-11T15:20:46.636Z] Profile Request - Header: Present
[2026-04-11T15:20:46.637Z] Profile Request - Decoded UserID: 69d9070ddda7f9b4ad83b4c1
[2026-04-11T15:20:46.792Z] Profile Request - Success. Avatar: Found
[2026-04-11T15:23:04.548Z] Profile Request - Header: Missing
[2026-04-11T15:23:04.551Z] Profile Request - Cookie Token: Present
[2026-04-11T15:23:04.554Z] Profile Request - Decoded UserID: 69d9070ddda7f9b4ad83b4c1
[2026-04-11T15:23:04.703Z] Profile Request - Success. Avatar: Found
[2026-04-11T15:26:30.901Z] Profile Request - Header: Missing
[2026-04-11T15:26:30.908Z] Profile Request - Cookie Token: Present
[2026-04-11T15:26:30.911Z] Profile Request - Decoded UserID: 69d9070ddda7f9b4ad83b4c1
[2026-04-11T15:26:31.071Z] Profile Request - Success. Avatar: Found
[2026-04-11T15:26:36.688Z] Profile Request - Header: Missing
[2026-04-11T15:26:36.713Z] Profile Request - Cookie Token: Present
[2026-04-11T15:26:36.717Z] Profile Request - Decoded UserID: 69d9070ddda7f9b4ad83b4c1
[2026-04-11T15:26:36.874Z] Profile Request - Success. Avatar: Found
[2026-04-11T15:26:39.282Z] Profile Request - Header: Missing
[2026-04-11T15:26:39.290Z] Profile Request - Cookie Token: Present
[2026-04-11T15:26:39.291Z] Profile Request - Decoded UserID: 69d9070ddda7f9b4ad83b4c1
[2026-04-11T15:26:39.448Z] Profile Request - Success. Avatar: Found
[2026-04-11T15:27:39.758Z] Profile Request - Header: Missing
[2026-04-11T15:27:39.764Z] Profile Request - Cookie Token: Present
[2026-04-11T15:27:39.765Z] Profile Request - Decoded UserID: 69d9070ddda7f9b4ad83b4c1
[2026-04-11T15:27:39.921Z] Profile Request - Success. Avatar: Found
[2026-04-11T15:27:39.930Z] Profile Request - Header: Missing
[2026-04-11T15:27:39.944Z] Profile Request - Cookie Token: Present
[2026-04-11T15:27:39.945Z] Profile Request - Decoded UserID: 69d9070ddda7f9b4ad83b4c1
[2026-04-11T15:27:40.129Z] Profile Request - Success. Avatar: Found
[2026-04-11T15:32:39.435Z] Profile Request - Header: Missing
[2026-04-11T15:32:39.450Z] Profile Request - Cookie Token: Present
[2026-04-11T15:32:39.452Z] Profile Request - Decoded UserID: 69d9070ddda7f9b4ad83b4c1
[2026-04-11T15:32:39.607Z] Profile Request - Success. Avatar: Found
[2026-04-11T15:33:41.814Z] Profile Request - Header: Missing
[2026-04-11T15:33:41.816Z] Profile Request - Cookie Token: Present
[2026-04-11T15:33:41.820Z] Profile Request - Decoded UserID: 69d9070ddda7f9b4ad83b4c1
[2026-04-11T15:33:41.980Z] Profile Request - Success. Avatar: Found
[2026-04-11T16:05:47.446Z] Profile Request - Header: Missing
[2026-04-11T16:05:47.452Z] Profile Request - Cookie Token: Present
[2026-04-11T16:05:47.454Z] Profile Request - Decoded UserID: 69d9070ddda7f9b4ad83b4c1
[2026-04-11T16:05:47.615Z] Profile Request - Success. Avatar: Found
[2026-04-11T16:10:51.251Z] Profile Request - Header: Missing
[2026-04-11T16:10:51.253Z] Profile Request - Cookie Token: Present
[2026-04-11T16:10:51.254Z] Profile Request - Decoded UserID: 69d9070ddda7f9b4ad83b4c1
[2026-04-11T16:10:51.409Z] Profile Request - Success. Avatar: Found
[2026-04-11T16:12:47.405Z] Profile Request - Header: Missing
[2026-04-11T16:12:47.409Z] Profile Request - Cookie Token: Present
[2026-04-11T16:12:47.410Z] Profile Request - Decoded UserID: 69d9070ddda7f9b4ad83b4c1
[2026-04-11T16:12:47.571Z] Profile Request - Success. Avatar: Found
[2026-04-11T16:14:26.838Z] Profile Request - Header: Missing
[2026-04-11T16:14:26.849Z] Profile Request - Cookie Token: Present
[2026-04-11T16:14:26.851Z] Profile Request - Decoded UserID: 69d9070ddda7f9b4ad83b4c1
[2026-04-11T16:14:27.007Z] Profile Request - Success. Avatar: Found
[2026-04-11T16:16:33.181Z] Profile Request - Header: Missing
[2026-04-11T16:16:33.184Z] Profile Request - Cookie Token: Present
[2026-04-11T16:16:33.186Z] Profile Request - Decoded UserID: 69d9070ddda7f9b4ad83b4c1
[2026-04-11T16:16:33.344Z] Profile Request - Success. Avatar: Found
[2026-04-11T16:17:00.180Z] Profile Request - Header: Missing
[2026-04-11T16:17:00.190Z] Profile Request - Cookie Token: Present
[2026-04-11T16:17:00.193Z] Profile Request - Decoded UserID: 69d9070ddda7f9b4ad83b4c1
[2026-04-11T16:17:00.881Z] Profile Request - Header: Missing
[2026-04-11T16:17:00.884Z] Profile Request - Cookie Token: Present
[2026-04-11T16:17:00.887Z] Profile Request - Decoded UserID: 69d9070ddda7f9b4ad83b4c1
[2026-04-11T16:17:03.136Z] Profile Request - Success. Avatar: Found
[2026-04-11T16:17:03.174Z] Profile Request - Success. Avatar: Found
[2026-04-11T16:17:03.212Z] Profile Request - Header: Missing
[2026-04-11T16:17:03.220Z] Profile Request - Cookie Token: Present
[2026-04-11T16:17:03.222Z] Profile Request - Decoded UserID: 69d9070ddda7f9b4ad83b4c1
[2026-04-11T16:17:03.381Z] Profile Request - Success. Avatar: Found
[2026-04-11T16:17:05.570Z] Profile Request - Header: Missing
[2026-04-11T16:17:05.572Z] Profile Request - Cookie Token: Present
[2026-04-11T16:17:05.573Z] Profile Request - Decoded UserID: 69d9070ddda7f9b4ad83b4c1
[2026-04-11T16:17:05.732Z] Profile Request - Success. Avatar: Found
[2026-04-11T16:17:15.547Z] Profile Request - Header: Missing
[2026-04-11T16:17:15.563Z] Profile Request - Cookie Token: Present
[2026-04-11T16:17:15.565Z] Profile Request - Decoded UserID: 69d9070ddda7f9b4ad83b4c1
[2026-04-11T16:17:15.750Z] Profile Request - Success. Avatar: Found
[2026-04-11T16:17:17.718Z] Profile Request - Header: Missing
[2026-04-11T16:17:17.719Z] Profile Request - Cookie Token: Present
[2026-04-11T16:17:17.721Z] Profile Request - Decoded UserID: 69d9070ddda7f9b4ad83b4c1
[2026-04-11T16:17:17.875Z] Profile Request - Success. Avatar: Found
[2026-04-11T16:17:21.389Z] Profile Request - Header: Missing
[2026-04-11T16:17:21.394Z] Profile Request - Cookie Token: Present
[2026-04-11T16:17:21.395Z] Profile Request - Decoded UserID: 69d9070ddda7f9b4ad83b4c1
[2026-04-11T16:17:21.552Z] Profile Request - Success. Avatar: Found
[2026-04-11T16:20:20.604Z] Profile Request - Header: Missing
[2026-04-11T16:20:20.610Z] Profile Request - Cookie Token: Present
[2026-04-11T16:20:20.614Z] Profile Request - Decoded UserID: 69d9070ddda7f9b4ad83b4c1
[2026-04-11T16:20:20.765Z] Profile Request - Success. Avatar: Found
[2026-04-11T16:20:31.472Z] Profile Request - Header: Missing
[2026-04-11T16:20:31.482Z] Profile Request - Cookie Token: Present
[2026-04-11T16:20:31.489Z] Profile Request - Decoded UserID: 69d9070ddda7f9b4ad83b4c1
[2026-04-11T16:20:34.224Z] Profile Request - Success. Avatar: Found
[2026-04-11T16:23:11.569Z] Profile Request - Header: Missing
[2026-04-11T16:23:11.573Z] Profile Request - Cookie Token: Present
[2026-04-11T16:23:11.574Z] Profile Request - Decoded UserID: 69d9070ddda7f9b4ad83b4c1
[2026-04-11T16:23:11.733Z] Profile Request - Success. Avatar: Found
[2026-04-11T16:23:20.404Z] Profile Request - Header: Missing
[2026-04-11T16:23:20.414Z] Profile Request - Cookie Token: Present
[2026-04-11T16:23:20.415Z] Profile Request - Decoded UserID: 69d9070ddda7f9b4ad83b4c1
[2026-04-11T16:23:20.572Z] Profile Request - Success. Avatar: Found
[2026-04-11T16:31:38.097Z] Profile Request - Header: Missing
[2026-04-11T16:31:38.110Z] Profile Request - Cookie Token: Missing
[2026-04-11T16:31:38.117Z] Profile Request - Unauthorized (No Token)
[2026-04-12T10:30:51.247Z] Profile Request - Header: Present
[2026-04-12T10:30:51.253Z] Profile Request - Decoded UserID: 69d9070ddda7f9b4ad83b4c1
[2026-04-12T10:30:53.857Z] Profile Request - Success. Avatar: Found
[2026-04-12T10:32:07.179Z] Profile Request - Header: Present
[2026-04-12T10:32:07.181Z] Profile Request - Decoded UserID: 69d9070ddda7f9b4ad83b4c1
[2026-04-12T10:32:07.340Z] Profile Request - Success. Avatar: Found
[2026-04-12T10:33:32.568Z] Profile Request - Header: Missing
[2026-04-12T10:33:32.578Z] Profile Request - Cookie Token: Present
[2026-04-12T10:33:32.587Z] Profile Request - Decoded UserID: 69d9070ddda7f9b4ad83b4c1
[2026-04-12T10:33:32.749Z] Profile Request - Success. Avatar: Found
[2026-04-12T10:33:37.050Z] Profile Request - Header: Missing
[2026-04-12T10:33:37.064Z] Profile Request - Cookie Token: Present
[2026-04-12T10:33:37.068Z] Profile Request - Decoded UserID: 69d9070ddda7f9b4ad83b4c1
[2026-04-12T10:33:37.232Z] Profile Request - Success. Avatar: Found
[2026-04-12T11:24:04.391Z] Profile Request - Header: Missing
[2026-04-12T11:24:04.403Z] Profile Request - Cookie Token: Present
[2026-04-12T11:24:04.408Z] Profile Request - Decoded UserID: 69d9070ddda7f9b4ad83b4c1
[2026-04-12T11:24:04.557Z] Profile Request - Success. Avatar: Found
[2026-04-12T11:25:57.755Z] Profile Request - Header: Present
[2026-04-12T11:25:57.757Z] Profile Request - Decoded UserID: 69d9070ddda7f9b4ad83b4c1
[2026-04-12T11:25:57.905Z] Profile Request - Success. Avatar: Found
[2026-04-12T11:30:19.803Z] Profile Request - Header: Present
[2026-04-12T11:30:19.805Z] Profile Request - Decoded UserID: 69d9070ddda7f9b4ad83b4c1
[2026-04-12T11:30:19.956Z] Profile Request - Success. Avatar: Found
[2026-04-12T18:05:24.633Z] Profile Request - Header: Missing
[2026-04-12T18:05:24.639Z] Profile Request - Cookie Token: Present
[2026-04-12T18:05:24.641Z] Profile Request - Decoded UserID: 69d9070ddda7f9b4ad83b4c1
[2026-04-12T18:05:24.788Z] Profile Request - Success. Avatar: Found
[2026-04-12T18:18:54.362Z] Profile Request - Header: Missing
[2026-04-12T18:18:54.369Z] Profile Request - Cookie Token: Present
[2026-04-12T18:18:54.371Z] Profile Request - Decoded UserID: 69d9070ddda7f9b4ad83b4c1
[2026-04-12T18:18:54.531Z] Profile Request - Success. Avatar: Found
[2026-04-12T18:25:29.488Z] Profile Request - Header: Missing
[2026-04-12T18:25:29.491Z] Profile Request - Cookie Token: Present
[2026-04-12T18:25:29.493Z] Profile Request - Decoded UserID: 69d9070ddda7f9b4ad83b4c1
[2026-04-12T18:25:29.646Z] Profile Request - Success. Avatar: Found
[2026-04-13T05:58:11.229Z] Profile Request - Header: Missing
[2026-04-13T05:58:11.273Z] Profile Request - Cookie Token: Present
[2026-04-13T05:58:11.280Z] Profile Request - Decoded UserID: 69d9070ddda7f9b4ad83b4c1
[2026-04-13T05:58:11.436Z] Profile Request - Success. Avatar: Found
[2026-04-13T07:56:29.315Z] Profile Request - Header: Present
[2026-04-13T07:56:29.323Z] Profile Request - Decoded UserID: 69d9070ddda7f9b4ad83b4c1
[2026-04-13T07:56:29.641Z] Profile Request - Success. Avatar: Found
[2026-04-13T08:30:35.232Z] Profile Request - Header: Present
[2026-04-13T08:30:35.235Z] Profile Request - Decoded UserID: 69d9070ddda7f9b4ad83b4c1
[2026-04-13T08:30:35.396Z] Profile Request - Success. Avatar: Found
[2026-04-13T08:32:06.754Z] Profile Request - Header: Present
[2026-04-13T08:32:06.755Z] Profile Request - Decoded UserID: 69d9070ddda7f9b4ad83b4c1
[2026-04-13T08:32:06.909Z] Profile Request - Success. Avatar: Found
[2026-04-13T08:32:35.237Z] Profile Request - Header: Present
[2026-04-13T08:32:35.238Z] Profile Request - Decoded UserID: 69d9070ddda7f9b4ad83b4c1
[2026-04-13T08:32:35.383Z] Profile Request - Success. Avatar: Found
[2026-04-13T08:38:31.680Z] Profile Request - Header: Present
[2026-04-13T08:38:31.681Z] Profile Request - Decoded UserID: 69d9070ddda7f9b4ad83b4c1
[2026-04-13T08:38:31.832Z] Profile Request - Success. Avatar: Found
[2026-04-13T08:45:24.509Z] Profile Request - Header: Present
[2026-04-13T08:45:24.511Z] Profile Request - Decoded UserID: 69d9070ddda7f9b4ad83b4c1
[2026-04-13T08:45:24.660Z] Profile Request - Success. Avatar: Found
[2026-04-13T08:55:01.012Z] Profile Request - Header: Present
[2026-04-13T08:55:01.013Z] Profile Request - Decoded UserID: 69d9070ddda7f9b4ad83b4c1
[2026-04-13T08:55:01.169Z] Profile Request - Success. Avatar: Found
[2026-04-13T08:58:32.132Z] Profile Request - Header: Present
[2026-04-13T08:58:32.135Z] Profile Request - Decoded UserID: 69d9070ddda7f9b4ad83b4c1
[2026-04-13T08:58:32.295Z] Profile Request - Success. Avatar: Found
[2026-04-13T09:11:41.956Z] Profile Request - Header: Present
[2026-04-13T09:11:41.957Z] Profile Request - Decoded UserID: 69d9070ddda7f9b4ad83b4c1
[2026-04-13T09:11:42.102Z] Profile Request - Success. Avatar: Found
[2026-04-13T09:12:18.868Z] Profile Request - Header: Present
[2026-04-13T09:12:18.869Z] Profile Request - Decoded UserID: 69d9070ddda7f9b4ad83b4c1
[2026-04-13T09:12:19.013Z] Profile Request - Success. Avatar: Found
[2026-04-13T09:26:13.070Z] Profile Request - Header: Present
[2026-04-13T09:26:13.071Z] Profile Request - Decoded UserID: 69d9070ddda7f9b4ad83b4c1
[2026-04-13T09:26:13.228Z] Profile Request - Success. Avatar: Found
[2026-04-13T09:26:18.019Z] Profile Request - Header: Present
[2026-04-13T09:26:18.019Z] Profile Request - Decoded UserID: 69d9070ddda7f9b4ad83b4c1
[2026-04-13T09:26:18.173Z] Profile Request - Success. Avatar: Found
[2026-04-13T09:26:24.090Z] Profile Request - Header: Present
[2026-04-13T09:26:24.091Z] Profile Request - Decoded UserID: 69d9070ddda7f9b4ad83b4c1
[2026-04-13T09:26:24.234Z] Profile Request - Success. Avatar: Found
[2026-04-13T09:41:11.666Z] Profile Request - Header: Present
[2026-04-13T09:41:11.667Z] Profile Request - Decoded UserID: 69d9070ddda7f9b4ad83b4c1
[2026-04-13T09:41:11.823Z] Profile Request - Success. Avatar: Found
[2026-04-13T09:41:22.872Z] Profile Request - Header: Present
[2026-04-13T09:41:22.873Z] Profile Request - Decoded UserID: 69d9070ddda7f9b4ad83b4c1
[2026-04-13T09:41:23.017Z] Profile Request - Success. Avatar: Found
[2026-04-13T09:41:53.140Z] Profile Request - Header: Present
[2026-04-13T09:41:53.141Z] Profile Request - Decoded UserID: 69d9070ddda7f9b4ad83b4c1
[2026-04-13T09:41:53.288Z] Profile Request - Success. Avatar: Found
[2026-04-13T09:42:12.109Z] Profile Request - Header: Present
[2026-04-13T09:42:12.109Z] Profile Request - Decoded UserID: 69d9070ddda7f9b4ad83b4c1
[2026-04-13T09:42:12.254Z] Profile Request - Success. Avatar: Found
[2026-04-13T10:13:53.692Z] Profile Request - Header: Present
[2026-04-13T10:13:53.693Z] Profile Request - Decoded UserID: 69d9070ddda7f9b4ad83b4c1
[2026-04-13T10:13:53.849Z] Profile Request - Success. Avatar: Found
[2026-04-13T10:21:42.532Z] Profile Request - Header: Present
[2026-04-13T10:21:42.533Z] Profile Request - Decoded UserID: 69d9070ddda7f9b4ad83b4c1
[2026-04-13T10:21:42.679Z] Profile Request - Success. Avatar: Found
[2026-04-13T10:26:03.784Z] Profile Request - Header: Missing
[2026-04-13T10:26:03.790Z] Profile Request - Cookie Token: Present
[2026-04-13T10:26:03.792Z] Profile Request - Decoded UserID: 69d9070ddda7f9b4ad83b4c1
[2026-04-13T10:26:03.954Z] Profile Request - Success. Avatar: Found
[2026-04-13T10:29:48.099Z] Profile Request - Header: Present
[2026-04-13T10:29:48.100Z] Profile Request - Decoded UserID: 69d9070ddda7f9b4ad83b4c1
[2026-04-13T10:29:48.262Z] Profile Request - Success. Avatar: Found
[2026-04-13T10:31:46.125Z] Profile Request - Header: Present
[2026-04-13T10:31:46.126Z] Profile Request - Decoded UserID: 69d9070ddda7f9b4ad83b4c1
[2026-04-13T10:31:46.283Z] Profile Request - Success. Avatar: Found
[2026-04-13T10:31:58.215Z] Profile Request - Header: Present
[2026-04-13T10:31:58.216Z] Profile Request - Decoded UserID: 69d9070ddda7f9b4ad83b4c1
[2026-04-13T10:31:58.363Z] Profile Request - Success. Avatar: Found
[2026-04-13T10:40:57.914Z] Profile Request - Header: Present
[2026-04-13T10:40:57.914Z] Profile Request - Decoded UserID: 69d9070ddda7f9b4ad83b4c1
[2026-04-13T10:40:58.084Z] Profile Request - Success. Avatar: Found
[2026-04-13T10:41:21.501Z] Profile Request - Header: Present
[2026-04-13T10:41:21.502Z] Profile Request - Decoded UserID: 69d9070ddda7f9b4ad83b4c1
[2026-04-13T10:41:21.657Z] Profile Request - Success. Avatar: Found
[2026-04-13T10:42:33.899Z] Profile Request - Header: Present
[2026-04-13T10:42:33.900Z] Profile Request - Decoded UserID: 69d9070ddda7f9b4ad83b4c1
[2026-04-13T10:42:34.050Z] Profile Request - Success. Avatar: Found
[2026-04-13T10:49:42.734Z] Profile Request - Header: Present
[2026-04-13T10:49:42.735Z] Profile Request - Decoded UserID: 69d9070ddda7f9b4ad83b4c1
[2026-04-13T10:49:42.893Z] Profile Request - Success. Avatar: Found
[2026-04-13T10:51:16.400Z] Profile Request - Header: Present
[2026-04-13T10:51:16.401Z] Profile Request - Decoded UserID: 69d9070ddda7f9b4ad83b4c1
[2026-04-13T10:51:16.579Z] Profile Request - Success. Avatar: Found
[2026-04-13T10:51:45.981Z] Profile Request - Header: Present
[2026-04-13T10:51:45.982Z] Profile Request - Decoded UserID: 69d9070ddda7f9b4ad83b4c1
[2026-04-13T10:51:46.131Z] Profile Request - Success. Avatar: Found
[2026-04-13T10:55:55.971Z] Profile Request - Header: Present
[2026-04-13T10:55:55.972Z] Profile Request - Decoded UserID: 69d9070ddda7f9b4ad83b4c1
[2026-04-13T10:55:56.130Z] Profile Request - Success. Avatar: Found
[2026-04-13T10:57:34.661Z] Profile Request - Header: Present
[2026-04-13T10:57:34.661Z] Profile Request - Decoded UserID: 69d9070ddda7f9b4ad83b4c1
[2026-04-13T10:57:34.831Z] Profile Request - Success. Avatar: Found
[2026-04-13T11:05:34.372Z] Profile Request - Header: Present
[2026-04-13T11:05:34.373Z] Profile Request - Decoded UserID: 69d9070ddda7f9b4ad83b4c1
[2026-04-13T11:05:34.536Z] Profile Request - Success. Avatar: Found
[2026-04-13T11:06:42.049Z] Profile Request - Header: Present
[2026-04-13T11:06:42.050Z] Profile Request - Decoded UserID: 69d9070ddda7f9b4ad83b4c1
[2026-04-13T11:06:42.196Z] Profile Request - Success. Avatar: Found
[2026-04-13T11:09:17.202Z] Profile Request - Header: Present
[2026-04-13T11:09:17.203Z] Profile Request - Decoded UserID: 69d9070ddda7f9b4ad83b4c1
[2026-04-13T11:09:17.358Z] Profile Request - Success. Avatar: Found
[2026-04-13T11:11:36.378Z] Profile Request - Header: Present
[2026-04-13T11:11:36.379Z] Profile Request - Decoded UserID: 69d9070ddda7f9b4ad83b4c1
[2026-04-13T11:11:36.533Z] Profile Request - Success. Avatar: Found
[2026-04-13T11:30:26.130Z] Profile Request - Header: Present
[2026-04-13T11:30:26.131Z] Profile Request - Decoded UserID: 69d9070ddda7f9b4ad83b4c1
[2026-04-13T11:30:26.283Z] Profile Request - Success. Avatar: Found
[2026-04-13T15:51:02.383Z] Profile Request - Header: Present
[2026-04-13T15:51:02.385Z] Profile Request - Decoded UserID: 69d9070ddda7f9b4ad83b4c1
[2026-04-13T15:51:02.548Z] Profile Request - Success. Avatar: Found
[2026-04-13T15:51:57.138Z] Profile Request - Header: Present
[2026-04-13T15:51:57.139Z] Profile Request - Decoded UserID: 69d9070ddda7f9b4ad83b4c1
[2026-04-13T15:51:57.302Z] Profile Request - Success. Avatar: Found
[2026-04-13T15:54:59.220Z] Profile Request - Header: Present
[2026-04-13T15:54:59.221Z] Profile Request - Decoded UserID: 69d9070ddda7f9b4ad83b4c1
[2026-04-13T15:54:59.384Z] Profile Request - Success. Avatar: Found
[2026-04-13T16:02:15.018Z] Profile Request - Header: Present
[2026-04-13T16:02:15.019Z] Profile Request - Decoded UserID: 69d9070ddda7f9b4ad83b4c1
[2026-04-13T16:02:15.174Z] Profile Request - Success. Avatar: Found
[2026-04-13T16:04:01.584Z] Profile Request - Header: Present
[2026-04-13T16:04:01.585Z] Profile Request - Decoded UserID: 69d9070ddda7f9b4ad83b4c1
[2026-04-13T16:04:01.738Z] Profile Request - Success. Avatar: Found
[2026-04-13T16:04:32.766Z] Profile Request - Header: Present
[2026-04-13T16:04:32.767Z] Profile Request - Decoded UserID: 69d9070ddda7f9b4ad83b4c1
[2026-04-13T16:04:32.930Z] Profile Request - Success. Avatar: Found
[2026-04-13T16:06:13.403Z] Profile Request - Header: Present
[2026-04-13T16:06:13.404Z] Profile Request - Decoded UserID: 69d9070ddda7f9b4ad83b4c1
[2026-04-13T16:06:13.557Z] Profile Request - Success. Avatar: Found
[2026-04-13T16:15:28.944Z] Profile Request - Header: Present
[2026-04-13T16:15:28.945Z] Profile Request - Decoded UserID: 69d9070ddda7f9b4ad83b4c1
[2026-04-13T16:15:29.122Z] Profile Request - Success. Avatar: Found
[2026-04-13T16:16:38.294Z] Profile Request - Header: Present
[2026-04-13T16:16:38.294Z] Profile Request - Decoded UserID: 69d9070ddda7f9b4ad83b4c1
[2026-04-13T16:16:38.448Z] Profile Request - Success. Avatar: Found
[2026-04-13T16:23:53.483Z] Profile Request - Header: Present
[2026-04-13T16:23:53.484Z] Profile Request - Decoded UserID: 69d9070ddda7f9b4ad83b4c1
[2026-04-13T16:23:53.648Z] Profile Request - Success. Avatar: Found
[2026-04-13T16:24:16.071Z] Profile Request - Header: Present
[2026-04-13T16:24:16.072Z] Profile Request - Decoded UserID: 69d9070ddda7f9b4ad83b4c1
[2026-04-13T16:24:16.226Z] Profile Request - Success. Avatar: Found
[2026-04-13T16:30:03.847Z] Profile Request - Header: Present
[2026-04-13T16:30:03.848Z] Profile Request - Decoded UserID: 69d9070ddda7f9b4ad83b4c1
[2026-04-13T16:30:03.998Z] Profile Request - Success. Avatar: Found
[2026-04-13T16:31:54.240Z] Profile Request - Header: Present
[2026-04-13T16:31:54.240Z] Profile Request - Decoded UserID: 69d9070ddda7f9b4ad83b4c1
[2026-04-13T16:31:54.407Z] Profile Request - Success. Avatar: Found
[2026-04-13T16:36:25.332Z] Profile Request - Header: Present
[2026-04-13T16:36:25.333Z] Profile Request - Decoded UserID: 69d9070ddda7f9b4ad83b4c1
[2026-04-13T16:36:25.483Z] Profile Request - Success. Avatar: Found
[2026-04-13T16:41:09.307Z] Profile Request - Header: Present
[2026-04-13T16:41:09.307Z] Profile Request - Decoded UserID: 69d9070ddda7f9b4ad83b4c1
[2026-04-13T16:41:09.462Z] Profile Request - Success. Avatar: Found
[2026-04-13T16:43:05.494Z] Profile Request - Header: Present
[2026-04-13T16:43:05.495Z] Profile Request - Decoded UserID: 69d9070ddda7f9b4ad83b4c1
[2026-04-13T16:43:05.645Z] Profile Request - Success. Avatar: Found
[2026-04-13T16:48:08.857Z] Profile Request - Header: Present
[2026-04-13T16:48:08.858Z] Profile Request - Decoded UserID: 69d9070ddda7f9b4ad83b4c1
[2026-04-13T16:48:09.019Z] Profile Request - Success. Avatar: Found
[2026-04-13T16:49:45.443Z] Profile Request - Header: Present
[2026-04-13T16:49:45.443Z] Profile Request - Decoded UserID: 69d9070ddda7f9b4ad83b4c1
[2026-04-13T16:49:45.599Z] Profile Request - Success. Avatar: Found
[2026-04-13T16:53:17.264Z] Profile Request - Header: Present
[2026-04-13T16:53:17.265Z] Profile Request - Decoded UserID: 69d9070ddda7f9b4ad83b4c1
[2026-04-13T16:53:17.428Z] Profile Request - Success. Avatar: Found
[2026-04-13T16:56:20.617Z] Profile Request - Header: Present
[2026-04-13T16:56:20.617Z] Profile Request - Decoded UserID: 69d9070ddda7f9b4ad83b4c1
[2026-04-13T16:56:20.767Z] Profile Request - Success. Avatar: Found
[2026-04-13T17:02:03.244Z] Profile Request - Header: Present
[2026-04-13T17:02:03.244Z] Profile Request - Decoded UserID: 69d9070ddda7f9b4ad83b4c1
[2026-04-13T17:02:03.399Z] Profile Request - Success. Avatar: Found
[2026-04-13T17:02:21.403Z] Profile Request - Header: Present
[2026-04-13T17:02:21.404Z] Profile Request - Decoded UserID: 69d9070ddda7f9b4ad83b4c1
[2026-04-13T17:02:21.554Z] Profile Request - Success. Avatar: Found
[2026-04-13T17:04:27.519Z] Profile Request - Header: Present
[2026-04-13T17:04:27.519Z] Profile Request - Decoded UserID: 69d9070ddda7f9b4ad83b4c1
[2026-04-13T17:04:27.682Z] Profile Request - Success. Avatar: Found
[2026-04-13T17:05:18.323Z] Profile Request - Header: Present
[2026-04-13T17:05:18.324Z] Profile Request - Decoded UserID: 69d9070ddda7f9b4ad83b4c1
[2026-04-13T17:05:18.487Z] Profile Request - Success. Avatar: Found
[2026-04-13T17:05:50.855Z] Profile Request - Header: Present
[2026-04-13T17:05:50.856Z] Profile Request - Decoded UserID: 69d9070ddda7f9b4ad83b4c1
[2026-04-13T17:05:51.026Z] Profile Request - Success. Avatar: Found
[2026-04-13T17:11:25.743Z] Profile Request - Header: Present
[2026-04-13T17:11:25.743Z] Profile Request - Decoded UserID: 69d9070ddda7f9b4ad83b4c1
[2026-04-13T17:11:25.922Z] Profile Request - Success. Avatar: Found
[2026-04-13T17:18:33.705Z] Profile Request - Header: Present
[2026-04-13T17:18:33.707Z] Profile Request - Decoded UserID: 69d9070ddda7f9b4ad83b4c1
[2026-04-13T17:18:33.870Z] Profile Request - Success. Avatar: Found
[2026-04-13T17:21:15.393Z] Profile Request - Header: Present
[2026-04-13T17:21:15.394Z] Profile Request - Decoded UserID: 69d9070ddda7f9b4ad83b4c1
[2026-04-13T17:21:15.559Z] Profile Request - Success. Avatar: Found
[2026-04-13T17:22:50.665Z] Profile Request - Header: Present
[2026-04-13T17:22:50.667Z] Profile Request - Decoded UserID: 69d9070ddda7f9b4ad83b4c1
[2026-04-13T17:22:50.830Z] Profile Request - Success. Avatar: Found
[2026-04-13T17:24:11.848Z] Profile Request - Header: Present
[2026-04-13T17:24:11.849Z] Profile Request - Decoded UserID: 69d9070ddda7f9b4ad83b4c1
[2026-04-13T17:24:12.015Z] Profile Request - Success. Avatar: Found
[2026-04-13T17:26:18.863Z] Profile Request - Header: Present
[2026-04-13T17:26:18.864Z] Profile Request - Decoded UserID: 69d9070ddda7f9b4ad83b4c1
[2026-04-13T17:26:19.032Z] Profile Request - Success. Avatar: Found
[2026-04-13T17:29:37.577Z] Profile Request - Header: Present
[2026-04-13T17:29:37.578Z] Profile Request - Decoded UserID: 69d9070ddda7f9b4ad83b4c1
[2026-04-13T17:29:37.742Z] Profile Request - Success. Avatar: Found
[2026-04-13T17:31:20.379Z] Profile Request - Header: Present
[2026-04-13T17:31:20.380Z] Profile Request - Decoded UserID: 69d9070ddda7f9b4ad83b4c1
[2026-04-13T17:31:20.545Z] Profile Request - Success. Avatar: Found
[2026-04-13T17:32:29.066Z] Profile Request - Header: Present
[2026-04-13T17:32:29.067Z] Profile Request - Decoded UserID: 69d9070ddda7f9b4ad83b4c1
[2026-04-13T17:32:29.231Z] Profile Request - Success. Avatar: Found
[2026-04-13T17:33:22.520Z] Profile Request - Header: Present
[2026-04-13T17:33:22.521Z] Profile Request - Decoded UserID: 69d9070ddda7f9b4ad83b4c1
[2026-04-13T17:33:22.684Z] Profile Request - Success. Avatar: Found
[2026-04-13T17:36:19.282Z] Profile Request - Header: Missing
[2026-04-13T17:36:19.301Z] Profile Request - Cookie Token: Missing
[2026-04-13T17:36:19.302Z] Profile Request - Unauthorized (No Token)
[2026-04-13T17:41:48.320Z] Profile Request - Header: Missing
[2026-04-13T17:41:48.329Z] Profile Request - Cookie Token: Missing
[2026-04-13T17:41:48.330Z] Profile Request - Unauthorized (No Token)
[2026-04-13T17:41:49.177Z] Profile Request - Header: Missing
[2026-04-13T17:41:49.186Z] Profile Request - Cookie Token: Present
[2026-04-13T17:41:49.190Z] Profile Request - Decoded UserID: 69d9070ddda7f9b4ad83b4c1
[2026-04-13T17:41:49.349Z] Profile Request - Success. Avatar: Found
[2026-04-13T17:43:15.067Z] Profile Request - Header: Missing
[2026-04-13T17:43:15.072Z] Profile Request - Cookie Token: Missing
[2026-04-13T17:43:15.072Z] Profile Request - Unauthorized (No Token)
[2026-04-13T17:43:15.654Z] Profile Request - Header: Missing
[2026-04-13T17:43:15.658Z] Profile Request - Cookie Token: Present
[2026-04-13T17:43:15.660Z] Profile Request - Decoded UserID: 69d9070ddda7f9b4ad83b4c1
[2026-04-13T17:43:15.814Z] Profile Request - Success. Avatar: Found
[2026-04-13T17:44:30.888Z] Profile Request - Header: Missing
[2026-04-13T17:44:30.906Z] Profile Request - Cookie Token: Missing
[2026-04-13T17:44:30.909Z] Profile Request - Unauthorized (No Token)
[2026-04-13T17:45:01.885Z] Profile Request - Header: Missing
[2026-04-13T17:45:01.892Z] Profile Request - Cookie Token: Missing
[2026-04-13T17:45:01.894Z] Profile Request - Unauthorized (No Token)
[2026-04-13T17:50:39.722Z] Profile Request - Header: Present
[2026-04-13T17:50:39.726Z] Profile Request - Decoded UserID: 69d9070ddda7f9b4ad83b4c1
[2026-04-13T17:50:39.912Z] Profile Request - Success. Avatar: Found
[2026-04-13T18:06:27.196Z] Profile Request - Header: Present
[2026-04-13T18:06:27.198Z] Profile Request - Decoded UserID: 69d9070ddda7f9b4ad83b4c1
[2026-04-13T18:06:27.357Z] Profile Request - Success. Avatar: Found
[2026-04-13T18:06:43.221Z] Profile Request - Header: Present
[2026-04-13T18:06:43.223Z] Profile Request - Decoded UserID: 69d9070ddda7f9b4ad83b4c1
[2026-04-13T18:06:43.376Z] Profile Request - Success. Avatar: Found
[2026-04-13T18:10:29.608Z] Profile Request - Header: Present
[2026-04-13T18:10:29.610Z] Profile Request - Decoded UserID: 69d9070ddda7f9b4ad83b4c1
[2026-04-13T18:10:29.784Z] Profile Request - Success. Avatar: Found
[2026-04-13T18:10:57.244Z] Profile Request - Header: Present
[2026-04-13T18:10:57.245Z] Profile Request - Decoded UserID: 69d9070ddda7f9b4ad83b4c1
[2026-04-13T18:10:57.404Z] Profile Request - Success. Avatar: Found
[2026-04-13T18:11:16.636Z] Profile Request - Header: Present
[2026-04-13T18:11:16.636Z] Profile Request - Decoded UserID: 69d9070ddda7f9b4ad83b4c1
[2026-04-13T18:11:16.789Z] Profile Request - Success. Avatar: Found
[2026-04-13T18:19:16.975Z] Profile Request - Header: Present
[2026-04-13T18:19:16.976Z] Profile Request - Decoded UserID: 69d9070ddda7f9b4ad83b4c1
[2026-04-13T18:19:17.132Z] Profile Request - Success. Avatar: Found
[2026-04-13T18:19:17.271Z] Profile Request - Header: Present
[2026-04-13T18:19:17.271Z] Profile Request - Decoded UserID: 69d9070ddda7f9b4ad83b4c1
[2026-04-13T18:19:17.427Z] Profile Request - Success. Avatar: Found
[2026-04-13T18:26:43.739Z] Profile Request - Header: Present
[2026-04-13T18:26:43.743Z] Profile Request - Decoded UserID: 69d9070ddda7f9b4ad83b4c1
[2026-04-13T18:26:46.422Z] Profile Request - Success. Avatar: Found
[2026-04-13T18:34:27.413Z] Profile Request - Header: Present
[2026-04-13T18:34:27.414Z] Profile Request - Decoded UserID: 69d9070ddda7f9b4ad83b4c1
[2026-04-13T18:34:27.565Z] Profile Request - Success. Avatar: Found
[2026-04-13T18:55:20.682Z] Profile Request - Header: Present
[2026-04-13T18:55:20.683Z] Profile Request - Decoded UserID: 69d9070ddda7f9b4ad83b4c1
[2026-04-13T18:55:20.843Z] Profile Request - Success. Avatar: Found
[2026-04-13T18:58:21.882Z] Profile Request - Header: Present
[2026-04-13T18:58:21.883Z] Profile Request - Decoded UserID: 69d9070ddda7f9b4ad83b4c1
[2026-04-13T18:58:22.039Z] Profile Request - Success. Avatar: Found
[2026-04-13T19:00:08.375Z] Profile Request - Header: Present
[2026-04-13T19:00:08.376Z] Profile Request - Decoded UserID: 69d9070ddda7f9b4ad83b4c1
[2026-04-13T19:00:08.946Z] Profile Request - Success. Avatar: Found
[2026-04-13T19:02:49.777Z] Profile Request - Header: Present
[2026-04-13T19:02:49.778Z] Profile Request - Decoded UserID: 69d9070ddda7f9b4ad83b4c1
[2026-04-13T19:02:49.942Z] Profile Request - Success. Avatar: Found
[2026-04-13T19:03:12.076Z] Profile Request - Header: Present
[2026-04-13T19:03:12.076Z] Profile Request - Decoded UserID: 69d9070ddda7f9b4ad83b4c1
[2026-04-13T19:03:12.232Z] Profile Request - Success. Avatar: Found
[2026-04-13T19:09:21.830Z] Profile Request - Header: Present
[2026-04-13T19:09:21.831Z] Profile Request - Decoded UserID: 69d9070ddda7f9b4ad83b4c1
[2026-04-13T19:09:21.990Z] Profile Request - Success. Avatar: Found
[2026-04-13T19:09:41.604Z] Profile Request - Header: Present
[2026-04-13T19:09:41.604Z] Profile Request - Decoded UserID: 69d9070ddda7f9b4ad83b4c1
[2026-04-13T19:09:41.758Z] Profile Request - Success. Avatar: Found
[2026-04-13T19:10:53.892Z] Profile Request - Header: Present
[2026-04-13T19:10:53.893Z] Profile Request - Decoded UserID: 69d9070ddda7f9b4ad83b4c1
[2026-04-13T19:10:54.046Z] Profile Request - Success. Avatar: Found
[2026-04-13T19:19:01.128Z] Profile Request - Header: Present
[2026-04-13T19:19:01.128Z] Profile Request - Decoded UserID: 69d9070ddda7f9b4ad83b4c1
[2026-04-13T19:19:01.287Z] Profile Request - Success. Avatar: Found
[2026-04-13T19:20:25.873Z] Profile Request - Header: Present
[2026-04-13T19:20:25.873Z] Profile Request - Decoded UserID: 69d9070ddda7f9b4ad83b4c1
[2026-04-13T19:20:26.026Z] Profile Request - Success. Avatar: Found
[2026-04-13T19:20:44.753Z] Profile Request - Header: Present
[2026-04-13T19:20:44.754Z] Profile Request - Decoded UserID: 69d9070ddda7f9b4ad83b4c1
[2026-04-13T19:20:44.908Z] Profile Request - Success. Avatar: Found
[2026-04-13T19:33:20.774Z] Profile Request - Header: Present
[2026-04-13T19:33:20.776Z] Profile Request - Decoded UserID: 69d9070ddda7f9b4ad83b4c1
[2026-04-13T19:33:20.942Z] Profile Request - Success. Avatar: Found
[2026-04-13T19:35:57.144Z] Profile Request - Header: Present
[2026-04-13T19:35:57.144Z] Profile Request - Decoded UserID: 69d9070ddda7f9b4ad83b4c1
[2026-04-13T19:35:57.295Z] Profile Request - Success. Avatar: Found
[2026-04-13T19:53:50.394Z] Profile Request - Header: Present
[2026-04-13T19:53:50.397Z] Profile Request - Decoded UserID: 69d9070ddda7f9b4ad83b4c1
[2026-04-13T19:53:50.554Z] Profile Request - Success. Avatar: Found
[2026-04-13T19:54:53.484Z] Profile Request - Header: Present
[2026-04-13T19:54:53.484Z] Profile Request - Decoded UserID: 69d9070ddda7f9b4ad83b4c1
[2026-04-13T19:54:53.639Z] Profile Request - Success. Avatar: Found
[2026-04-13T19:56:14.609Z] Profile Request - Header: Present
[2026-04-13T19:56:14.610Z] Profile Request - Decoded UserID: 69d9070ddda7f9b4ad83b4c1
[2026-04-13T19:56:14.765Z] Profile Request - Success. Avatar: Found
[2026-04-13T19:56:21.832Z] Profile Request - Header: Present
[2026-04-13T19:56:21.833Z] Profile Request - Decoded UserID: 69d9070ddda7f9b4ad83b4c1
[2026-04-13T19:56:21.985Z] Profile Request - Success. Avatar: Found
[2026-04-13T19:56:28.597Z] Profile Request - Header: Present
[2026-04-13T19:56:28.598Z] Profile Request - Decoded UserID: 69d9070ddda7f9b4ad83b4c1
[2026-04-13T19:56:28.752Z] Profile Request - Success. Avatar: Found
[2026-04-13T19:59:41.440Z] Profile Request - Header: Present
[2026-04-13T19:59:41.440Z] Profile Request - Decoded UserID: 69d9070ddda7f9b4ad83b4c1
[2026-04-13T19:59:42.006Z] Profile Request - Success. Avatar: Found
[2026-04-13T20:01:17.523Z] Profile Request - Header: Present
[2026-04-13T20:01:17.524Z] Profile Request - Decoded UserID: 69d9070ddda7f9b4ad83b4c1
[2026-04-13T20:01:17.677Z] Profile Request - Success. Avatar: Found
[2026-04-13T20:01:38.509Z] Profile Request - Header: Missing
[2026-04-13T20:01:38.521Z] Profile Request - Cookie Token: Present
[2026-04-13T20:01:38.522Z] Profile Request - Decoded UserID: 69d9070ddda7f9b4ad83b4c1
[2026-04-13T20:01:38.676Z] Profile Request - Success. Avatar: Found
[2026-04-13T20:02:07.486Z] Profile Request - Header: Present
[2026-04-13T20:02:07.487Z] Profile Request - Decoded UserID: 69d9070ddda7f9b4ad83b4c1
[2026-04-13T20:02:07.640Z] Profile Request - Success. Avatar: Found
[2026-04-13T20:03:40.731Z] Profile Request - Header: Present
[2026-04-13T20:03:40.731Z] Profile Request - Decoded UserID: 69d9070ddda7f9b4ad83b4c1
[2026-04-13T20:03:40.882Z] Profile Request - Success. Avatar: Found
[2026-04-13T20:05:38.364Z] Profile Request - Header: Present
[2026-04-13T20:05:38.365Z] Profile Request - Decoded UserID: 69d9070ddda7f9b4ad83b4c1
[2026-04-13T20:05:38.519Z] Profile Request - Success. Avatar: Found
[2026-04-14T06:47:38.119Z] Profile Request - Header: Missing
[2026-04-14T06:47:38.128Z] Profile Request - Cookie Token: Present
[2026-04-14T06:47:38.134Z] Profile Request - Decoded UserID: 69d9070ddda7f9b4ad83b4c1
[2026-04-14T06:47:38.292Z] Profile Request - Success. Avatar: Found
[2026-04-14T06:47:38.314Z] Profile Request - Header: Missing
[2026-04-14T06:47:38.331Z] Profile Request - Cookie Token: Present
[2026-04-14T06:47:38.333Z] Profile Request - Decoded UserID: 69d9070ddda7f9b4ad83b4c1
[2026-04-14T06:47:38.487Z] Profile Request - Success. Avatar: Found
[2026-04-14T06:58:08.395Z] Profile Request - Header: Missing
[2026-04-14T06:58:08.400Z] Profile Request - Cookie Token: Present
[2026-04-14T06:58:08.402Z] Profile Request - Decoded UserID: 69d9070ddda7f9b4ad83b4c1
[2026-04-14T06:58:08.554Z] Profile Request - Success. Avatar: Found
[2026-04-14T07:04:36.282Z] Profile Request - Header: Missing
[2026-04-14T07:04:36.290Z] Profile Request - Cookie Token: Present
[2026-04-14T07:04:36.295Z] Profile Request - Decoded UserID: 69d9070ddda7f9b4ad83b4c1
[2026-04-14T07:04:36.450Z] Profile Request - Success. Avatar: Found
[2026-04-14T07:04:41.671Z] Profile Request - Header: Missing
[2026-04-14T07:04:41.685Z] Profile Request - Cookie Token: Present
[2026-04-14T07:04:41.687Z] Profile Request - Decoded UserID: 69d9070ddda7f9b4ad83b4c1
[2026-04-14T07:04:41.842Z] Profile Request - Success. Avatar: Found
[2026-04-14T07:04:43.363Z] Profile Request - Header: Missing
[2026-04-14T07:04:43.366Z] Profile Request - Cookie Token: Present
[2026-04-14T07:04:43.367Z] Profile Request - Decoded UserID: 69d9070ddda7f9b4ad83b4c1
[2026-04-14T07:04:43.523Z] Profile Request - Success. Avatar: Found
[2026-04-14T07:04:46.249Z] Profile Request - Header: Missing
[2026-04-14T07:04:46.251Z] Profile Request - Cookie Token: Present
[2026-04-14T07:04:46.252Z] Profile Request - Decoded UserID: 69d9070ddda7f9b4ad83b4c1
[2026-04-14T07:04:46.440Z] Profile Request - Success. Avatar: Found
[2026-04-15T20:25:39.608Z] Profile Request - Header: Present
[2026-04-15T20:25:39.613Z] Profile Request - Decoded UserID: 69d9070ddda7f9b4ad83b4c1
[2026-04-15T20:25:40.860Z] Profile Request - Success. Avatar: Found
[2026-04-15T20:38:50.194Z] Profile Request - Header: Present
[2026-04-15T20:38:50.195Z] Profile Request - Decoded UserID: 69d9070ddda7f9b4ad83b4c1
[2026-04-15T20:38:50.348Z] Profile Request - Success. Avatar: Found
[2026-04-15T20:45:20.558Z] Profile Request - Header: Present
[2026-04-15T20:45:20.560Z] Profile Request - Decoded UserID: 69d9070ddda7f9b4ad83b4c1
[2026-04-15T20:45:20.710Z] Profile Request - Success. Avatar: Found
[2026-04-15T20:45:43.103Z] Profile Request - Header: Present
[2026-04-15T20:45:43.104Z] Profile Request - Decoded UserID: 69d9070ddda7f9b4ad83b4c1
[2026-04-15T20:45:43.263Z] Profile Request - Success. Avatar: Found
[2026-04-15T21:05:54.791Z] Profile Request - Header: Present
[2026-04-15T21:05:54.795Z] Profile Request - Decoded UserID: 69d9070ddda7f9b4ad83b4c1
[2026-04-15T21:05:54.959Z] Profile Request - Success. Avatar: Found
[2026-04-16T08:57:02.082Z] Profile Request - Header: Present
[2026-04-16T08:57:02.090Z] Profile Request - Decoded UserID: 69d9070ddda7f9b4ad83b4c1
[2026-04-16T08:57:04.953Z] Profile Request - Success. Avatar: Found
[2026-04-16T09:54:50.626Z] Profile Request - Header: Missing
[2026-04-16T09:54:50.642Z] Profile Request - Cookie Token: Present
[2026-04-16T09:54:50.650Z] Profile Request - Decoded UserID: 69d9070ddda7f9b4ad83b4c1
[2026-04-16T09:54:50.810Z] Profile Request - Success. Avatar: Found
[2026-04-16T10:00:45.502Z] Profile Request - Header: Present
[2026-04-16T10:00:45.508Z] Profile Request - Decoded UserID: 69d9070ddda7f9b4ad83b4c1
[2026-04-16T10:00:48.567Z] Profile Request - Success. Avatar: Found
[2026-04-16T10:17:38.373Z] TIMELINE: Request received: /bridge/timeline
[2026-04-16T10:18:38.268Z] TIMELINE: Request received: /bridge/timeline
[2026-04-16T10:40:48.059Z] Profile Request - Header: Missing
[2026-04-16T10:40:48.066Z] Profile Request - Cookie Token: Present
[2026-04-16T10:40:48.068Z] Profile Request - Decoded UserID: 69d9070ddda7f9b4ad83b4c1
[2026-04-16T10:40:48.223Z] Profile Request - Success. Avatar: Found
[2026-04-16T10:41:00.231Z] Profile Request - Header: Missing
[2026-04-16T10:41:00.240Z] Profile Request - Cookie Token: Present
[2026-04-16T10:41:00.243Z] Profile Request - Decoded UserID: 69d9070ddda7f9b4ad83b4c1
[2026-04-16T10:41:00.405Z] Profile Request - Success. Avatar: Found
[2026-04-16T10:48:11.924Z] Profile Request - Header: Present
[2026-04-16T10:48:11.926Z] Profile Request - Decoded UserID: 69d9070ddda7f9b4ad83b4c1
[2026-04-16T10:48:12.071Z] TIMELINE: Request: limit=20
[2026-04-16T10:48:12.138Z] Profile Request - Success. Avatar: Found
[2026-04-16T19:58:11.297Z] Profile Request - Header: Missing
[2026-04-16T19:58:11.306Z] Profile Request - Cookie Token: Present
[2026-04-16T19:58:11.313Z] Profile Request - Decoded UserID: 69d9070ddda7f9b4ad83b4c1
[2026-04-16T19:58:11.504Z] Profile Request - Success. Avatar: Found
[2026-04-16T20:42:35.999Z] Profile Request - Header: Present
[2026-04-16T20:42:36.032Z] Profile Request - Decoded UserID: 69d9070ddda7f9b4ad83b4c1
[2026-04-16T20:42:36.148Z] TIMELINE: Request: limit=20
[2026-04-16T20:42:41.227Z] Profile Request - Success. Avatar: Found
[2026-04-16T20:45:54.410Z] Profile Request - Header: Present
[2026-04-16T20:45:54.411Z] Profile Request - Decoded UserID: 69d9070ddda7f9b4ad83b4c1
[2026-04-16T20:45:54.418Z] TIMELINE: Request: limit=20
[2026-04-16T20:45:55.102Z] Profile Request - Success. Avatar: Found
[2026-04-16T20:47:51.214Z] Profile Request - Header: Present
[2026-04-16T20:47:51.214Z] Profile Request - Decoded UserID: 69d9070ddda7f9b4ad83b4c1
[2026-04-16T20:47:51.227Z] TIMELINE: Request: limit=20
[2026-04-16T20:47:51.379Z] Profile Request - Success. Avatar: Found
[2026-04-16T20:57:35.628Z] Profile Request - Header: Present
[2026-04-16T20:57:35.629Z] Profile Request - Decoded UserID: 69d9070ddda7f9b4ad83b4c1
[2026-04-16T20:57:35.635Z] TIMELINE: Request: limit=20
[2026-04-16T20:57:36.322Z] Profile Request - Success. Avatar: Found
[2026-04-17T06:33:01.270Z] Profile Request - Header: Present
[2026-04-17T06:33:01.282Z] Profile Request - Decoded UserID: 69d9070ddda7f9b4ad83b4c1
[2026-04-17T06:33:01.347Z] TIMELINE: Request: limit=20
[2026-04-17T06:33:04.111Z] Profile Request - Success. Avatar: Found
[2026-04-17T06:34:46.420Z] Profile Request - Header: Missing
[2026-04-17T06:34:46.425Z] Profile Request - Cookie Token: Present
[2026-04-17T06:34:46.426Z] Profile Request - Decoded UserID: 69d9070ddda7f9b4ad83b4c1
[2026-04-17T06:34:46.574Z] Profile Request - Success. Avatar: Found
[2026-04-17T06:48:03.166Z] TIMELINE: Request: limit=20
[2026-04-17T06:48:03.172Z] Profile Request - Header: Present
[2026-04-17T06:48:03.173Z] Profile Request - Decoded UserID: 69d9070ddda7f9b4ad83b4c1
[2026-04-17T06:48:03.320Z] Profile Request - Success. Avatar: Found
[2026-04-17T06:48:28.753Z] Profile Request - Header: Present
[2026-04-17T06:48:28.753Z] Profile Request - Decoded UserID: 69d9070ddda7f9b4ad83b4c1
[2026-04-17T06:48:28.758Z] TIMELINE: Request: limit=20
[2026-04-17T06:48:28.902Z] Profile Request - Success. Avatar: Found
[2026-04-17T07:16:27.383Z] Profile Request - Header: Present
[2026-04-17T07:16:27.384Z] Profile Request - Decoded UserID: 69d9070ddda7f9b4ad83b4c1
[2026-04-17T07:16:27.391Z] TIMELINE: Request: limit=20
[2026-04-17T07:16:27.533Z] Profile Request - Success. Avatar: Found
[2026-04-17T09:39:15.500Z] Profile Request - Header: Present
[2026-04-17T09:39:15.502Z] Profile Request - Decoded UserID: 69d9070ddda7f9b4ad83b4c1
[2026-04-17T09:39:15.516Z] TIMELINE: Request: limit=20
[2026-04-17T09:39:15.657Z] Profile Request - Success. Avatar: Found
[2026-04-17T09:42:16.665Z] Profile Request - Header: Present
[2026-04-17T09:42:16.666Z] Profile Request - Decoded UserID: 69d9070ddda7f9b4ad83b4c1
[2026-04-17T09:42:16.676Z] TIMELINE: Request: limit=20
[2026-04-17T09:42:16.831Z] Profile Request - Success. Avatar: Found
[2026-04-17T09:45:44.639Z] TIMELINE: Request: limit=20
[2026-04-17T09:45:44.736Z] Profile Request - Header: Present
[2026-04-17T09:45:44.736Z] Profile Request - Decoded UserID: 69d9070ddda7f9b4ad83b4c1
[2026-04-17T09:45:44.885Z] Profile Request - Success. Avatar: Found
[2026-04-17T09:46:05.352Z] Profile Request - Header: Present
[2026-04-17T09:46:05.354Z] Profile Request - Decoded UserID: 69d9070ddda7f9b4ad83b4c1
[2026-04-17T09:46:05.712Z] Profile Request - Success. Avatar: Found
[2026-04-17T19:29:50.197Z] Profile Request - Header: Missing
[2026-04-17T19:29:50.203Z] Profile Request - Cookie Token: Present
[2026-04-17T19:29:50.207Z] Profile Request - Decoded UserID: 69d9070ddda7f9b4ad83b4c1
[2026-04-17T19:29:50.361Z] Profile Request - Success. Avatar: Found
[2026-04-17T20:06:13.806Z] Profile Request - Header: Missing
[2026-04-17T20:06:13.813Z] Profile Request - Cookie Token: Present
[2026-04-17T20:06:13.818Z] Profile Request - Decoded UserID: 69d9070ddda7f9b4ad83b4c1
[2026-04-17T20:06:13.977Z] Profile Request - Success. Avatar: Found
[2026-04-17T20:23:21.601Z] Profile Request - Header: Missing
[2026-04-17T20:23:21.608Z] Profile Request - Cookie Token: Present
[2026-04-17T20:23:21.611Z] Profile Request - Decoded UserID: 69d9070ddda7f9b4ad83b4c1
[2026-04-17T20:23:21.764Z] Profile Request - Success. Avatar: Found
[2026-04-17T20:23:39.789Z] Profile Request - Header: Missing
[2026-04-17T20:23:39.797Z] Profile Request - Cookie Token: Present
[2026-04-17T20:23:39.798Z] Profile Request - Decoded UserID: 69d9070ddda7f9b4ad83b4c1
[2026-04-17T20:23:39.946Z] Profile Request - Success. Avatar: Found
[2026-04-17T20:24:09.718Z] Profile Request - Header: Missing
[2026-04-17T20:24:09.755Z] Profile Request - Cookie Token: Present
[2026-04-17T20:24:09.759Z] Profile Request - Decoded UserID: 69d9070ddda7f9b4ad83b4c1
[2026-04-17T20:24:09.918Z] Profile Request - Success. Avatar: Found
[2026-04-17T20:24:27.017Z] Profile Request - Header: Missing
[2026-04-17T20:24:27.026Z] Profile Request - Cookie Token: Present
[2026-04-17T20:24:27.027Z] Profile Request - Decoded UserID: 69d9070ddda7f9b4ad83b4c1
[2026-04-17T20:24:27.191Z] Profile Request - Success. Avatar: Found
[2026-04-17T20:27:12.049Z] Profile Request - Header: Missing
[2026-04-17T20:27:12.054Z] Profile Request - Cookie Token: Present
[2026-04-17T20:27:12.056Z] Profile Request - Decoded UserID: 69d9070ddda7f9b4ad83b4c1
[2026-04-17T20:27:12.203Z] Profile Request - Success. Avatar: Found
[2026-04-17T20:28:25.111Z] Profile Request - Header: Missing
[2026-04-17T20:28:25.126Z] Profile Request - Cookie Token: Present
[2026-04-17T20:28:25.128Z] Profile Request - Decoded UserID: 69d9070ddda7f9b4ad83b4c1
[2026-04-17T20:28:25.276Z] Profile Request - Success. Avatar: Found
[2026-04-17T20:28:52.128Z] Profile Request - Header: Missing
[2026-04-17T20:28:52.140Z] Profile Request - Cookie Token: Present
[2026-04-17T20:28:52.147Z] Profile Request - Decoded UserID: 69d9070ddda7f9b4ad83b4c1
[2026-04-17T20:28:52.303Z] Profile Request - Success. Avatar: Found
[2026-04-17T20:29:12.648Z] Profile Request - Header: Missing
[2026-04-17T20:29:12.653Z] Profile Request - Cookie Token: Present
[2026-04-17T20:29:12.655Z] Profile Request - Decoded UserID: 69d9070ddda7f9b4ad83b4c1
[2026-04-17T20:29:12.810Z] Profile Request - Success. Avatar: Found
[2026-04-17T20:30:57.457Z] Profile Request - Header: Missing
[2026-04-17T20:30:57.465Z] Profile Request - Cookie Token: Present
[2026-04-17T20:30:57.468Z] Profile Request - Decoded UserID: 69d9070ddda7f9b4ad83b4c1
[2026-04-17T20:30:57.614Z] Profile Request - Success. Avatar: Found
[2026-04-17T20:41:49.855Z] Profile Request - Header: Missing
[2026-04-17T20:41:49.858Z] Profile Request - Cookie Token: Present
[2026-04-17T20:41:49.860Z] Profile Request - Decoded UserID: 69d9070ddda7f9b4ad83b4c1
[2026-04-17T20:41:50.007Z] Profile Request - Success. Avatar: Found
[2026-04-18T06:29:55.741Z] Profile Request - Header: Present
[2026-04-18T06:29:55.747Z] Profile Request - Decoded UserID: 69d9070ddda7f9b4ad83b4c1
[2026-04-18T06:29:55.995Z] TIMELINE: Request: limit=20
[2026-04-18T06:29:56.999Z] Profile Request - Success. Avatar: Found
[2026-04-18T06:42:20.151Z] Profile Request - Header: Present
[2026-04-18T06:42:20.153Z] Profile Request - Decoded UserID: 69d9070ddda7f9b4ad83b4c1
[2026-04-18T06:42:20.236Z] TIMELINE: Request: limit=20
[2026-04-18T06:42:20.306Z] Profile Request - Success. Avatar: Found
[2026-04-18T07:04:30.609Z] Profile Request - Header: Present
[2026-04-18T07:04:30.612Z] Profile Request - Decoded UserID: 69d9070ddda7f9b4ad83b4c1
[2026-04-18T07:04:30.627Z] TIMELINE: Request: limit=20
[2026-04-18T07:04:30.781Z] Profile Request - Success. Avatar: Found
[2026-04-18T07:05:28.763Z] Profile Request - Header: Present
[2026-04-18T07:05:28.764Z] Profile Request - Decoded UserID: 69d9070ddda7f9b4ad83b4c1
[2026-04-18T07:05:28.782Z] TIMELINE: Request: limit=20
[2026-04-18T07:05:28.916Z] Profile Request - Success. Avatar: Found
[2026-04-18T07:27:17.176Z] Profile Request - Header: Present
[2026-04-18T07:27:17.205Z] Profile Request - Decoded UserID: 69d9070ddda7f9b4ad83b4c1
[2026-04-18T07:27:17.265Z] TIMELINE: Request: limit=20
[2026-04-18T07:27:17.381Z] Profile Request - Success. Avatar: Found
[2026-04-18T07:29:25.713Z] Profile Request - Header: Present
[2026-04-18T07:29:25.715Z] Profile Request - Decoded UserID: 69d9070ddda7f9b4ad83b4c1
[2026-04-18T07:29:25.869Z] Profile Request - Success. Avatar: Found
[2026-04-18T07:29:59.216Z] TIMELINE: Request: limit=20
[2026-04-18T07:30:58.071Z] Profile Request - Header: Present
[2026-04-18T07:30:58.073Z] Profile Request - Decoded UserID: 69d9070ddda7f9b4ad83b4c1
[2026-04-18T07:30:58.093Z] TIMELINE: Request: limit=20
[2026-04-18T07:30:58.228Z] Profile Request - Success. Avatar: Found
[2026-04-18T07:31:35.107Z] Profile Request - Header: Present
[2026-04-18T07:31:35.109Z] Profile Request - Decoded UserID: 69d9070ddda7f9b4ad83b4c1
[2026-04-18T07:31:35.139Z] TIMELINE: Request: limit=20
[2026-04-18T07:31:35.268Z] Profile Request - Success. Avatar: Found
[2026-04-18T07:37:23.295Z] Profile Request - Header: Present
[2026-04-18T07:37:23.296Z] Profile Request - Decoded UserID: 69d9070ddda7f9b4ad83b4c1
[2026-04-18T07:37:23.343Z] TIMELINE: Request: limit=20
[2026-04-18T07:37:23.453Z] Profile Request - Success. Avatar: Found
[2026-04-18T07:39:37.014Z] Profile Request - Header: Present
[2026-04-18T07:39:37.015Z] Profile Request - Decoded UserID: 69d9070ddda7f9b4ad83b4c1
[2026-04-18T07:39:37.025Z] TIMELINE: Request: limit=20
[2026-04-18T07:39:37.179Z] Profile Request - Success. Avatar: Found
[2026-04-18T09:25:09.886Z] TIMELINE: Request: limit=20
[2026-04-18T09:25:09.973Z] Profile Request - Header: Present
[2026-04-18T09:25:09.976Z] Profile Request - Decoded UserID: 69d9070ddda7f9b4ad83b4c1
[2026-04-18T09:25:12.536Z] Profile Request - Success. Avatar: Found
[2026-04-18T13:05:31.227Z] Profile Request - Header: Missing
[2026-04-18T13:05:31.234Z] Profile Request - Cookie Token: Missing
[2026-04-18T13:05:31.235Z] Profile Request - Unauthorized (No Token)
[2026-04-18T13:05:32.653Z] Profile Request - Header: Missing
[2026-04-18T13:05:32.654Z] Profile Request - Cookie Token: Missing
[2026-04-18T13:05:32.655Z] Profile Request - Unauthorized (No Token)
[2026-04-18T13:05:35.849Z] Profile Request - Header: Missing
[2026-04-18T13:05:35.863Z] Profile Request - Cookie Token: Missing
[2026-04-18T13:05:35.864Z] Profile Request - Unauthorized (No Token)
[2026-04-18T13:05:37.390Z] Profile Request - Header: Missing
[2026-04-18T13:05:37.451Z] Profile Request - Cookie Token: Missing
[2026-04-18T13:05:37.453Z] Profile Request - Unauthorized (No Token)
[2026-04-18T13:05:39.751Z] Profile Request - Header: Missing
[2026-04-18T13:05:39.760Z] Profile Request - Cookie Token: Missing
[2026-04-18T13:05:39.760Z] Profile Request - Unauthorized (No Token)
[2026-04-18T13:05:41.265Z] Profile Request - Header: Missing
[2026-04-18T13:05:41.269Z] Profile Request - Cookie Token: Missing
[2026-04-18T13:05:41.271Z] Profile Request - Unauthorized (No Token)
[2026-04-18T13:05:42.568Z] Profile Request - Header: Missing
[2026-04-18T13:05:42.574Z] Profile Request - Cookie Token: Missing
[2026-04-18T13:05:42.575Z] Profile Request - Unauthorized (No Token)
[2026-04-18T13:05:43.871Z] Profile Request - Header: Missing
[2026-04-18T13:05:43.873Z] Profile Request - Cookie Token: Missing
[2026-04-18T13:05:43.874Z] Profile Request - Unauthorized (No Token)
[2026-04-18T13:05:45.356Z] Profile Request - Header: Missing
[2026-04-18T13:05:45.360Z] Profile Request - Cookie Token: Missing
[2026-04-18T13:05:45.361Z] Profile Request - Unauthorized (No Token)
[2026-04-18T13:05:46.944Z] Profile Request - Header: Missing
[2026-04-18T13:05:46.950Z] Profile Request - Cookie Token: Missing
[2026-04-18T13:05:46.951Z] Profile Request - Unauthorized (No Token)
[2026-04-18T13:05:48.404Z] Profile Request - Header: Missing
[2026-04-18T13:05:48.409Z] Profile Request - Cookie Token: Missing
[2026-04-18T13:05:48.410Z] Profile Request - Unauthorized (No Token)
[2026-04-18T13:05:50.239Z] Profile Request - Header: Missing
[2026-04-18T13:05:50.251Z] Profile Request - Cookie Token: Missing
[2026-04-18T13:05:50.253Z] Profile Request - Unauthorized (No Token)
[2026-04-18T13:05:52.974Z] Profile Request - Header: Missing
[2026-04-18T13:05:52.980Z] Profile Request - Cookie Token: Missing
[2026-04-18T13:05:52.980Z] Profile Request - Unauthorized (No Token)
[2026-04-18T13:05:54.123Z] Profile Request - Header: Missing
[2026-04-18T13:05:54.126Z] Profile Request - Cookie Token: Missing
[2026-04-18T13:05:54.127Z] Profile Request - Unauthorized (No Token)
[2026-04-18T13:05:56.494Z] Profile Request - Header: Missing
[2026-04-18T13:05:56.499Z] Profile Request - Cookie Token: Missing
[2026-04-18T13:05:56.500Z] Profile Request - Unauthorized (No Token)
[2026-04-18T13:05:58.169Z] Profile Request - Header: Missing
[2026-04-18T13:05:58.174Z] Profile Request - Cookie Token: Missing
[2026-04-18T13:05:58.175Z] Profile Request - Unauthorized (No Token)
[2026-04-18T13:06:01.240Z] Profile Request - Header: Missing
[2026-04-18T13:06:01.245Z] Profile Request - Cookie Token: Missing
[2026-04-18T13:06:01.246Z] Profile Request - Unauthorized (No Token)
[2026-04-18T13:06:03.516Z] Profile Request - Header: Missing
[2026-04-18T13:06:03.527Z] Profile Request - Cookie Token: Missing
[2026-04-18T13:06:03.528Z] Profile Request - Unauthorized (No Token)
[2026-04-18T13:06:04.936Z] Profile Request - Header: Missing
[2026-04-18T13:06:04.938Z] Profile Request - Cookie Token: Missing
[2026-04-18T13:06:04.939Z] Profile Request - Unauthorized (No Token)
[2026-04-18T13:06:06.677Z] Profile Request - Header: Missing
[2026-04-18T13:06:06.686Z] Profile Request - Cookie Token: Missing
[2026-04-18T13:06:06.687Z] Profile Request - Unauthorized (No Token)
[2026-04-18T13:06:08.399Z] Profile Request - Header: Missing
[2026-04-18T13:06:08.416Z] Profile Request - Cookie Token: Missing
[2026-04-18T13:06:08.417Z] Profile Request - Unauthorized (No Token)
[2026-04-18T13:06:09.768Z] Profile Request - Header: Missing
[2026-04-18T13:06:09.771Z] Profile Request - Cookie Token: Missing
[2026-04-18T13:06:09.779Z] Profile Request - Unauthorized (No Token)
[2026-04-18T13:06:11.201Z] Profile Request - Header: Missing
[2026-04-18T13:06:11.206Z] Profile Request - Cookie Token: Missing
[2026-04-18T13:06:11.207Z] Profile Request - Unauthorized (No Token)
[2026-04-18T13:06:12.665Z] Profile Request - Header: Missing
[2026-04-18T13:06:12.667Z] Profile Request - Cookie Token: Missing
[2026-04-18T13:06:12.668Z] Profile Request - Unauthorized (No Token)
[2026-04-18T13:06:14.101Z] Profile Request - Header: Missing
[2026-04-18T13:06:14.105Z] Profile Request - Cookie Token: Missing
[2026-04-18T13:06:14.107Z] Profile Request - Unauthorized (No Token)
[2026-04-18T13:06:16.811Z] Profile Request - Header: Missing
[2026-04-18T13:06:16.814Z] Profile Request - Cookie Token: Missing
[2026-04-18T13:06:16.815Z] Profile Request - Unauthorized (No Token)
[2026-04-18T13:06:18.323Z] Profile Request - Header: Missing
[2026-04-18T13:06:18.331Z] Profile Request - Cookie Token: Missing
[2026-04-18T13:06:18.350Z] Profile Request - Unauthorized (No Token)
[2026-04-18T13:06:20.171Z] Profile Request - Header: Missing
[2026-04-18T13:06:20.177Z] Profile Request - Cookie Token: Missing
[2026-04-18T13:06:20.177Z] Profile Request - Unauthorized (No Token)
[2026-04-18T13:06:21.719Z] Profile Request - Header: Missing
[2026-04-18T13:06:21.726Z] Profile Request - Cookie Token: Missing
[2026-04-18T13:06:21.727Z] Profile Request - Unauthorized (No Token)
[2026-04-18T13:06:23.239Z] Profile Request - Header: Missing
[2026-04-18T13:06:23.245Z] Profile Request - Cookie Token: Missing
[2026-04-18T13:06:23.247Z] Profile Request - Unauthorized (No Token)
[2026-04-18T13:06:25.003Z] Profile Request - Header: Missing
[2026-04-18T13:06:25.009Z] Profile Request - Cookie Token: Missing
[2026-04-18T13:06:25.011Z] Profile Request - Unauthorized (No Token)
[2026-04-18T13:06:26.173Z] Profile Request - Header: Missing
[2026-04-18T13:06:26.179Z] Profile Request - Cookie Token: Missing
[2026-04-18T13:06:26.180Z] Profile Request - Unauthorized (No Token)
[2026-04-18T13:06:27.494Z] Profile Request - Header: Missing
[2026-04-18T13:06:27.501Z] Profile Request - Cookie Token: Missing
[2026-04-18T13:06:27.503Z] Profile Request - Unauthorized (No Token)
[2026-04-18T13:06:28.887Z] Profile Request - Header: Missing
[2026-04-18T13:06:28.910Z] Profile Request - Cookie Token: Missing
[2026-04-18T13:06:28.915Z] Profile Request - Unauthorized (No Token)
[2026-04-18T13:06:30.611Z] Profile Request - Header: Missing
[2026-04-18T13:06:30.618Z] Profile Request - Cookie Token: Missing
[2026-04-18T13:06:30.618Z] Profile Request - Unauthorized (No Token)
[2026-04-18T13:06:31.870Z] Profile Request - Header: Missing
[2026-04-18T13:06:31.878Z] Profile Request - Cookie Token: Missing
[2026-04-18T13:06:31.880Z] Profile Request - Unauthorized (No Token)
[2026-04-18T13:06:33.261Z] Profile Request - Header: Missing
[2026-04-18T13:06:33.264Z] Profile Request - Cookie Token: Missing
[2026-04-18T13:06:33.265Z] Profile Request - Unauthorized (No Token)
[2026-04-18T13:06:34.700Z] Profile Request - Header: Missing
[2026-04-18T13:06:34.704Z] Profile Request - Cookie Token: Missing
[2026-04-18T13:06:34.705Z] Profile Request - Unauthorized (No Token)
[2026-04-18T13:06:36.114Z] Profile Request - Header: Missing
[2026-04-18T13:06:36.117Z] Profile Request - Cookie Token: Missing
[2026-04-18T13:06:36.117Z] Profile Request - Unauthorized (No Token)
[2026-04-18T13:06:37.245Z] Profile Request - Header: Missing
[2026-04-18T13:06:37.253Z] Profile Request - Cookie Token: Missing
[2026-04-18T13:06:37.254Z] Profile Request - Unauthorized (No Token)
[2026-04-18T13:06:38.674Z] Profile Request - Header: Missing
[2026-04-18T13:06:38.679Z] Profile Request - Cookie Token: Missing
[2026-04-18T13:06:38.679Z] Profile Request - Unauthorized (No Token)
[2026-04-18T13:06:40.043Z] Profile Request - Header: Missing
[2026-04-18T13:06:40.050Z] Profile Request - Cookie Token: Missing
[2026-04-18T13:06:40.051Z] Profile Request - Unauthorized (No Token)
[2026-04-18T13:06:41.387Z] Profile Request - Header: Missing
[2026-04-18T13:06:41.393Z] Profile Request - Cookie Token: Missing
[2026-04-18T13:06:41.394Z] Profile Request - Unauthorized (No Token)
[2026-04-18T13:06:42.797Z] Profile Request - Header: Missing
[2026-04-18T13:06:42.802Z] Profile Request - Cookie Token: Missing
[2026-04-18T13:06:42.803Z] Profile Request - Unauthorized (No Token)
[2026-04-18T13:06:43.975Z] Profile Request - Header: Missing
[2026-04-18T13:06:43.979Z] Profile Request - Cookie Token: Missing
[2026-04-18T13:06:43.980Z] Profile Request - Unauthorized (No Token)
[2026-04-18T13:06:45.203Z] Profile Request - Header: Missing
[2026-04-18T13:06:45.208Z] Profile Request - Cookie Token: Missing
[2026-04-18T13:06:45.209Z] Profile Request - Unauthorized (No Token)
[2026-04-18T13:06:46.404Z] Profile Request - Header: Missing
[2026-04-18T13:06:46.409Z] Profile Request - Cookie Token: Missing
[2026-04-18T13:06:46.410Z] Profile Request - Unauthorized (No Token)
[2026-04-18T13:06:47.626Z] Profile Request - Header: Missing
[2026-04-18T13:06:47.633Z] Profile Request - Cookie Token: Missing
[2026-04-18T13:06:47.634Z] Profile Request - Unauthorized (No Token)
[2026-04-18T13:06:48.957Z] Profile Request - Header: Missing
[2026-04-18T13:06:48.962Z] Profile Request - Cookie Token: Missing
[2026-04-18T13:06:48.963Z] Profile Request - Unauthorized (No Token)
[2026-04-18T13:06:50.658Z] Profile Request - Header: Missing
[2026-04-18T13:06:50.659Z] Profile Request - Cookie Token: Missing
[2026-04-18T13:06:50.660Z] Profile Request - Unauthorized (No Token)
[2026-04-18T13:06:52.006Z] Profile Request - Header: Missing
[2026-04-18T13:06:52.011Z] Profile Request - Cookie Token: Missing
[2026-04-18T13:06:52.012Z] Profile Request - Unauthorized (No Token)
[2026-04-18T13:06:54.447Z] Profile Request - Header: Missing
[2026-04-18T13:06:54.464Z] Profile Request - Cookie Token: Missing
[2026-04-18T13:06:54.471Z] Profile Request - Unauthorized (No Token)
[2026-04-18T13:06:56.378Z] Profile Request - Header: Missing
[2026-04-18T13:06:56.408Z] Profile Request - Cookie Token: Missing
[2026-04-18T13:06:56.409Z] Profile Request - Unauthorized (No Token)
[2026-04-18T13:06:57.896Z] Profile Request - Header: Missing
[2026-04-18T13:06:57.903Z] Profile Request - Cookie Token: Missing
[2026-04-18T13:06:57.904Z] Profile Request - Unauthorized (No Token)
[2026-04-18T13:06:59.641Z] Profile Request - Header: Missing
[2026-04-18T13:06:59.643Z] Profile Request - Cookie Token: Missing
[2026-04-18T13:06:59.644Z] Profile Request - Unauthorized (No Token)
[2026-04-18T13:07:01.681Z] Profile Request - Header: Missing
[2026-04-18T13:07:01.690Z] Profile Request - Cookie Token: Missing
[2026-04-18T13:07:01.691Z] Profile Request - Unauthorized (No Token)
[2026-04-18T13:07:03.552Z] Profile Request - Header: Missing
[2026-04-18T13:07:03.561Z] Profile Request - Cookie Token: Missing
[2026-04-18T13:07:03.569Z] Profile Request - Unauthorized (No Token)
[2026-04-18T13:07:04.931Z] Profile Request - Header: Missing
[2026-04-18T13:07:04.935Z] Profile Request - Cookie Token: Missing
[2026-04-18T13:07:04.937Z] Profile Request - Unauthorized (No Token)
[2026-04-18T13:07:06.516Z] Profile Request - Header: Missing
[2026-04-18T13:07:06.521Z] Profile Request - Cookie Token: Missing
[2026-04-18T13:07:06.523Z] Profile Request - Unauthorized (No Token)
[2026-04-18T13:07:08.070Z] Profile Request - Header: Missing
[2026-04-18T13:07:08.073Z] Profile Request - Cookie Token: Missing
[2026-04-18T13:07:08.075Z] Profile Request - Unauthorized (No Token)
[2026-04-18T13:07:09.758Z] Profile Request - Header: Missing
[2026-04-18T13:07:09.768Z] Profile Request - Cookie Token: Missing
[2026-04-18T13:07:09.769Z] Profile Request - Unauthorized (No Token)
[2026-04-18T13:07:12.845Z] Profile Request - Header: Missing
[2026-04-18T13:07:12.852Z] Profile Request - Cookie Token: Missing
[2026-04-18T13:07:12.853Z] Profile Request - Unauthorized (No Token)
[2026-04-18T13:07:14.913Z] Profile Request - Header: Missing
[2026-04-18T13:07:14.918Z] Profile Request - Cookie Token: Missing
[2026-04-18T13:07:14.919Z] Profile Request - Unauthorized (No Token)
[2026-04-18T13:07:16.197Z] Profile Request - Header: Missing
[2026-04-18T13:07:16.204Z] Profile Request - Cookie Token: Missing
[2026-04-18T13:07:16.205Z] Profile Request - Unauthorized (No Token)
[2026-04-18T13:07:17.835Z] Profile Request - Header: Missing
[2026-04-18T13:07:17.839Z] Profile Request - Cookie Token: Missing
[2026-04-18T13:07:17.840Z] Profile Request - Unauthorized (No Token)
